{"/Users/dipteshpatel/Documents/rest/rest-api-typescript/src/server.ts": {"path":"/Users/dipteshpatel/Documents/rest/rest-api-typescript/src/server.ts","statementMap":{"0":{"start":{"line":1,"column":0},"end":{"line":1,"column":24}},"1":{"start":{"line":2,"column":0},"end":{"line":2,"column":30}},"2":{"start":{"line":3,"column":0},"end":{"line":3,"column":55}},"3":{"start":{"line":4,"column":0},"end":{"line":4,"column":32}},"4":{"start":{"line":5,"column":0},"end":{"line":5,"column":38}},"5":{"start":{"line":6,"column":0},"end":{"line":6,"column":55}},"6":{"start":{"line":7,"column":0},"end":{"line":7,"column":45}},"7":{"start":{"line":12,"column":0},"end":{"line":15,"column":5}},"8":{"start":{"line":13,"column":4},"end":{"line":13,"column":19}},"9":{"start":{"line":14,"column":4},"end":{"line":14,"column":20}},"10":{"start":{"line":16,"column":2},"end":{"line":19,"column":5}},"11":{"start":{"line":17,"column":4},"end":{"line":17,"column":19}},"12":{"start":{"line":18,"column":4},"end":{"line":18,"column":20}},"13":{"start":{"line":21,"column":15},"end":{"line":21,"column":24}},"14":{"start":{"line":22,"column":0},"end":{"line":23,"column":null}},"15":{"start":{"line":26,"column":0},"end":{"line":26,"column":36}},"16":{"start":{"line":27,"column":0},"end":{"line":27,"column":28}},"17":{"start":{"line":28,"column":0},"end":{"line":28,"column":39}},"18":{"start":{"line":31,"column":24},"end":{"line":31,"column":35}},"19":{"start":{"line":32,"column":15},"end":{"line":32,"column":40}},"20":{"start":{"line":36,"column":0},"end":{"line":38,"column":2}},"21":{"start":{"line":37,"column":2},"end":{"line":37,"column":62}}},"fnMap":{"0":{"name":"(anonymous_1)","decl":{"start":{"line":12,"column":32},"end":{"line":12,"column":33}},"loc":{"start":{"line":12,"column":36},"end":{"line":15,"column":3}}},"1":{"name":"(anonymous_2)","decl":{"start":{"line":16,"column":35},"end":{"line":16,"column":36}},"loc":{"start":{"line":16,"column":39},"end":{"line":19,"column":3}}},"2":{"name":"(anonymous_3)","decl":{"start":{"line":36,"column":20},"end":{"line":36,"column":23}},"loc":{"start":{"line":37,"column":2},"end":{"line":37,"column":62}}}},"branchMap":{"0":{"loc":{"start":{"line":31,"column":15},"end":{"line":31,"column":19}},"type":"default-arg","locations":[{"start":{"line":31,"column":15},"end":{"line":31,"column":19}}]}},"s":{"0":0,"1":0,"2":0,"3":0,"4":0,"5":0,"6":0,"7":0,"8":0,"9":0,"10":0,"11":0,"12":0,"13":0,"14":0,"15":0,"16":0,"17":0,"18":0,"19":0,"20":0,"21":0},"f":{"0":0,"1":0,"2":0},"b":{"0":[0]}}
,"/Users/dipteshpatel/Documents/rest/rest-api-typescript/src/controllers/SearchController.ts": {"path":"/Users/dipteshpatel/Documents/rest/rest-api-typescript/src/controllers/SearchController.ts","statementMap":{"0":{"start":{"line":1,"column":0},"end":{"line":1,"column":78}},"1":{"start":{"line":2,"column":0},"end":{"line":2,"column":51}},"2":{"start":{"line":3,"column":0},"end":{"line":3,"column":27}},"3":{"start":{"line":5,"column":13},"end":{"line":5,"column":82}},"4":{"start":{"line":7,"column":13},"end":{"line":25,"column":2}},"5":{"start":{"line":7,"column":51},"end":{"line":25,"column":2}},"6":{"start":{"line":9,"column":2},"end":{"line":24,"column":null}},"7":{"start":{"line":10,"column":3},"end":{"line":10,"column":49}},"8":{"start":{"line":11,"column":4},"end":{"line":16,"column":null}},"9":{"start":{"line":12,"column":6},"end":{"line":15,"column":8}},"10":{"start":{"line":17,"column":4},"end":{"line":17,"column":30}},"11":{"start":{"line":20,"column":4},"end":{"line":23,"column":null}},"12":{"start":{"line":21,"column":6},"end":{"line":21,"column":30}},"13":{"start":{"line":22,"column":6},"end":{"line":22,"column":null}},"14":{"start":{"line":28,"column":13},"end":{"line":50,"column":2}},"15":{"start":{"line":28,"column":61},"end":{"line":50,"column":2}},"16":{"start":{"line":30,"column":1},"end":{"line":49,"column":null}},"17":{"start":{"line":31,"column":14},"end":{"line":31,"column":23}},"18":{"start":{"line":32,"column":3},"end":{"line":32,"column":49}},"19":{"start":{"line":33,"column":3},"end":{"line":33,"column":null}},"20":{"start":{"line":34,"column":3},"end":{"line":40,"column":null}},"21":{"start":{"line":35,"column":4},"end":{"line":35,"column":20}},"22":{"start":{"line":36,"column":4},"end":{"line":39,"column":7}},"23":{"start":{"line":41,"column":17},"end":{"line":41,"column":35}},"24":{"start":{"line":43,"column":3},"end":{"line":43,"column":19}},"25":{"start":{"line":44,"column":3},"end":{"line":44,"column":18}},"26":{"start":{"line":47,"column":3},"end":{"line":47,"column":19}},"27":{"start":{"line":48,"column":3},"end":{"line":48,"column":null}}},"fnMap":{"0":{"name":"(anonymous_8)","decl":{"start":{"line":7,"column":31},"end":{"line":7,"column":38}},"loc":{"start":{"line":7,"column":51},"end":{"line":25,"column":2}}},"1":{"name":"(anonymous_9)","decl":{"start":{"line":7,"column":51},"end":{"line":7,"column":null}},"loc":{"start":{"line":7,"column":51},"end":{"line":25,"column":1}}},"2":{"name":"(anonymous_10)","decl":{"start":{"line":28,"column":33},"end":{"line":28,"column":41}},"loc":{"start":{"line":28,"column":61},"end":{"line":50,"column":2}}},"3":{"name":"(anonymous_11)","decl":{"start":{"line":28,"column":61},"end":{"line":28,"column":null}},"loc":{"start":{"line":28,"column":61},"end":{"line":50,"column":1}}}},"branchMap":{"0":{"loc":{"start":{"line":11,"column":4},"end":{"line":16,"column":null}},"type":"if","locations":[{"start":{"line":11,"column":4},"end":{"line":16,"column":null}},{"start":{"line":11,"column":4},"end":{"line":16,"column":null}}]},"1":{"loc":{"start":{"line":20,"column":4},"end":{"line":23,"column":null}},"type":"if","locations":[{"start":{"line":20,"column":4},"end":{"line":23,"column":null}},{"start":{"line":20,"column":4},"end":{"line":23,"column":null}}]},"2":{"loc":{"start":{"line":34,"column":3},"end":{"line":40,"column":null}},"type":"if","locations":[{"start":{"line":34,"column":3},"end":{"line":40,"column":null}},{"start":{"line":34,"column":3},"end":{"line":40,"column":null}}]}},"s":{"0":2,"1":2,"2":2,"3":2,"4":2,"5":2,"6":2,"7":2,"8":1,"9":0,"10":1,"11":1,"12":1,"13":1,"14":2,"15":2,"16":2,"17":2,"18":2,"19":1,"20":1,"21":0,"22":0,"23":1,"24":1,"25":1,"26":1,"27":1},"f":{"0":2,"1":2,"2":2,"3":2},"b":{"0":[0,1],"1":[1,0],"2":[0,1]}}
,"/Users/dipteshpatel/Documents/rest/rest-api-typescript/src/middleware/apiDocs.ts": {"path":"/Users/dipteshpatel/Documents/rest/rest-api-typescript/src/middleware/apiDocs.ts","statementMap":{"0":{"start":{"line":2,"column":0},"end":{"line":2,"column":43}},"1":{"start":{"line":3,"column":0},"end":{"line":3,"column":53}},"2":{"start":{"line":5,"column":13},"end":{"line":6,"column":77}},"3":{"start":{"line":6,"column":2},"end":{"line":6,"column":76}}},"fnMap":{"0":{"name":"(anonymous_1)","decl":{"start":{"line":5,"column":29},"end":{"line":5,"column":30}},"loc":{"start":{"line":6,"column":2},"end":{"line":6,"column":76}}}},"branchMap":{},"s":{"0":1,"1":1,"2":1,"3":3},"f":{"0":3},"b":{}}
,"/Users/dipteshpatel/Documents/rest/rest-api-typescript/src/middleware/checks.ts": {"path":"/Users/dipteshpatel/Documents/rest/rest-api-typescript/src/middleware/checks.ts","statementMap":{"0":{"start":{"line":2,"column":0},"end":{"line":2,"column":51}},"1":{"start":{"line":4,"column":13},"end":{"line":15,"column":2}},"2":{"start":{"line":9,"column":4},"end":{"line":9,"column":41}},"3":{"start":{"line":10,"column":2},"end":{"line":14,"column":null}},"4":{"start":{"line":11,"column":4},"end":{"line":11,"column":50}},"5":{"start":{"line":13,"column":4},"end":{"line":13,"column":11}}},"fnMap":{"0":{"name":"(anonymous_0)","decl":{"start":{"line":4,"column":33},"end":{"line":4,"column":null}},"loc":{"start":{"line":8,"column":4},"end":{"line":15,"column":1}}}},"branchMap":{"0":{"loc":{"start":{"line":10,"column":2},"end":{"line":14,"column":null}},"type":"if","locations":[{"start":{"line":10,"column":2},"end":{"line":14,"column":null}},{"start":{"line":10,"column":2},"end":{"line":14,"column":null}}]}},"s":{"0":0,"1":0,"2":0,"3":0,"4":0,"5":0},"f":{"0":0},"b":{"0":[0,0]}}
,"/Users/dipteshpatel/Documents/rest/rest-api-typescript/src/middleware/common.ts": {"path":"/Users/dipteshpatel/Documents/rest/rest-api-typescript/src/middleware/common.ts","statementMap":{"0":{"start":{"line":2,"column":0},"end":{"line":2,"column":24}},"1":{"start":{"line":3,"column":0},"end":{"line":3,"column":33}},"2":{"start":{"line":4,"column":0},"end":{"line":4,"column":38}},"3":{"start":{"line":6,"column":13},"end":{"line":7,"column":56}},"4":{"start":{"line":7,"column":2},"end":{"line":7,"column":55}},"5":{"start":{"line":9,"column":13},"end":{"line":12,"column":2}},"6":{"start":{"line":10,"column":2},"end":{"line":10,"column":52}},"7":{"start":{"line":11,"column":2},"end":{"line":11,"column":28}},"8":{"start":{"line":14,"column":13},"end":{"line":16,"column":2}},"9":{"start":{"line":15,"column":2},"end":{"line":15,"column":28}}},"fnMap":{"0":{"name":"(anonymous_1)","decl":{"start":{"line":6,"column":26},"end":{"line":6,"column":27}},"loc":{"start":{"line":7,"column":2},"end":{"line":7,"column":55}}},"1":{"name":"(anonymous_2)","decl":{"start":{"line":9,"column":40},"end":{"line":9,"column":41}},"loc":{"start":{"line":9,"column":59},"end":{"line":12,"column":1}}},"2":{"name":"(anonymous_3)","decl":{"start":{"line":14,"column":33},"end":{"line":14,"column":34}},"loc":{"start":{"line":14,"column":52},"end":{"line":16,"column":1}}}},"branchMap":{},"s":{"0":1,"1":1,"2":1,"3":1,"4":3,"5":1,"6":3,"7":3,"8":1,"9":3},"f":{"0":3,"1":3,"2":3},"b":{}}
,"/Users/dipteshpatel/Documents/rest/rest-api-typescript/src/middleware/errorHandlers.ts": {"path":"/Users/dipteshpatel/Documents/rest/rest-api-typescript/src/middleware/errorHandlers.ts","statementMap":{"0":{"start":{"line":2,"column":0},"end":{"line":2,"column":54}},"1":{"start":{"line":4,"column":23},"end":{"line":8,"column":1}},"2":{"start":{"line":5,"column":2},"end":{"line":7,"column":5}},"3":{"start":{"line":6,"column":4},"end":{"line":6,"column":33}},"4":{"start":{"line":10,"column":26},"end":{"line":14,"column":1}},"5":{"start":{"line":11,"column":2},"end":{"line":13,"column":5}},"6":{"start":{"line":12,"column":4},"end":{"line":12,"column":45}},"7":{"start":{"line":16,"column":26},"end":{"line":20,"column":1}},"8":{"start":{"line":17,"column":2},"end":{"line":19,"column":5}},"9":{"start":{"line":18,"column":4},"end":{"line":18,"column":45}},"10":{"start":{"line":22,"column":0},"end":{"line":22,"column":70}}},"fnMap":{"0":{"name":"(anonymous_1)","decl":{"start":{"line":4,"column":23},"end":{"line":4,"column":24}},"loc":{"start":{"line":4,"column":42},"end":{"line":8,"column":1}}},"1":{"name":"(anonymous_2)","decl":{"start":{"line":5,"column":13},"end":{"line":5,"column":14}},"loc":{"start":{"line":5,"column":45},"end":{"line":7,"column":3}}},"2":{"name":"(anonymous_3)","decl":{"start":{"line":10,"column":26},"end":{"line":10,"column":27}},"loc":{"start":{"line":10,"column":45},"end":{"line":14,"column":1}}},"3":{"name":"(anonymous_4)","decl":{"start":{"line":11,"column":13},"end":{"line":11,"column":14}},"loc":{"start":{"line":11,"column":77},"end":{"line":13,"column":3}}},"4":{"name":"(anonymous_5)","decl":{"start":{"line":16,"column":26},"end":{"line":16,"column":27}},"loc":{"start":{"line":16,"column":45},"end":{"line":20,"column":1}}},"5":{"name":"(anonymous_6)","decl":{"start":{"line":17,"column":13},"end":{"line":17,"column":14}},"loc":{"start":{"line":17,"column":77},"end":{"line":19,"column":3}}}},"branchMap":{},"s":{"0":1,"1":1,"2":3,"3":1,"4":1,"5":3,"6":1,"7":1,"8":3,"9":0,"10":1},"f":{"0":3,"1":1,"2":3,"3":1,"4":3,"5":0},"b":{}}
,"/Users/dipteshpatel/Documents/rest/rest-api-typescript/src/middleware/index.ts": {"path":"/Users/dipteshpatel/Documents/rest/rest-api-typescript/src/middleware/index.ts","statementMap":{"0":{"start":{"line":1,"column":0},"end":{"line":1,"column":null}},"1":{"start":{"line":7,"column":2},"end":{"line":7,"column":44}},"2":{"start":{"line":9,"column":2},"end":{"line":9,"column":90}}},"fnMap":{},"branchMap":{},"s":{"0":1,"1":1,"2":1},"f":{},"b":{}}
,"/Users/dipteshpatel/Documents/rest/rest-api-typescript/src/services/index.ts": {"path":"/Users/dipteshpatel/Documents/rest/rest-api-typescript/src/services/index.ts","statementMap":{"0":{"start":{"line":1,"column":0},"end":{"line":1,"column":43}},"1":{"start":{"line":3,"column":0},"end":{"line":3,"column":33}}},"fnMap":{},"branchMap":{},"s":{"0":0,"1":0},"f":{},"b":{}}
,"/Users/dipteshpatel/Documents/rest/rest-api-typescript/src/services/search/routes.ts": {"path":"/Users/dipteshpatel/Documents/rest/rest-api-typescript/src/services/search/routes.ts","statementMap":{"0":{"start":{"line":2,"column":0},"end":{"line":2,"column":88}},"1":{"start":{"line":4,"column":0},"end":{"line":16,"column":2}}},"fnMap":{},"branchMap":{},"s":{"0":1,"1":1},"f":{},"b":{}}
,"/Users/dipteshpatel/Documents/rest/rest-api-typescript/src/services/search/providers/OpenCageDataProvider.ts": {"path":"/Users/dipteshpatel/Documents/rest/rest-api-typescript/src/services/search/providers/OpenCageDataProvider.ts","statementMap":{"0":{"start":{"line":1,"column":0},"end":{"line":1,"column":38}},"1":{"start":{"line":2,"column":0},"end":{"line":2,"column":28}},"2":{"start":{"line":4,"column":0},"end":{"line":4,"column":16}},"3":{"start":{"line":6,"column":13},"end":{"line":11,"column":2}},"4":{"start":{"line":6,"column":49},"end":{"line":11,"column":2}},"5":{"start":{"line":7,"column":14},"end":{"line":7,"column":44}},"6":{"start":{"line":8,"column":14},"end":{"line":8,"column":111}},"7":{"start":{"line":9,"column":19},"end":{"line":9,"column":37}},"8":{"start":{"line":10,"column":2},"end":{"line":10,"column":30}}},"fnMap":{"0":{"name":"(anonymous_8)","decl":{"start":{"line":6,"column":25},"end":{"line":6,"column":32}},"loc":{"start":{"line":6,"column":49},"end":{"line":11,"column":2}}},"1":{"name":"(anonymous_9)","decl":{"start":{"line":6,"column":49},"end":{"line":6,"column":null}},"loc":{"start":{"line":6,"column":49},"end":{"line":11,"column":1}}}},"branchMap":{},"s":{"0":3,"1":3,"2":3,"3":3,"4":4,"5":4,"6":4,"7":4,"8":4},"f":{"0":4,"1":4},"b":{}}
,"/Users/dipteshpatel/Documents/rest/rest-api-typescript/src/utils/ErrorHandler.ts": {"path":"/Users/dipteshpatel/Documents/rest/rest-api-typescript/src/utils/ErrorHandler.ts","statementMap":{"0":{"start":{"line":2,"column":0},"end":{"line":2,"column":68}},"1":{"start":{"line":4,"column":13},"end":{"line":6,"column":2}},"2":{"start":{"line":5,"column":2},"end":{"line":5,"column":46}},"3":{"start":{"line":8,"column":13},"end":{"line":14,"column":2}},"4":{"start":{"line":9,"column":2},"end":{"line":13,"column":null}},"5":{"start":{"line":10,"column":4},"end":{"line":10,"column":49}},"6":{"start":{"line":12,"column":4},"end":{"line":12,"column":14}},"7":{"start":{"line":16,"column":13},"end":{"line":23,"column":2}},"8":{"start":{"line":17,"column":2},"end":{"line":17,"column":21}},"9":{"start":{"line":18,"column":2},"end":{"line":22,"column":null}},"10":{"start":{"line":19,"column":4},"end":{"line":19,"column":50}},"11":{"start":{"line":21,"column":4},"end":{"line":21,"column":36}}},"fnMap":{"0":{"name":"(anonymous_0)","decl":{"start":{"line":4,"column":29},"end":{"line":4,"column":32}},"loc":{"start":{"line":4,"column":34},"end":{"line":6,"column":1}}},"1":{"name":"(anonymous_1)","decl":{"start":{"line":8,"column":27},"end":{"line":8,"column":28}},"loc":{"start":{"line":8,"column":77},"end":{"line":14,"column":1}}},"2":{"name":"(anonymous_2)","decl":{"start":{"line":16,"column":27},"end":{"line":16,"column":28}},"loc":{"start":{"line":16,"column":77},"end":{"line":23,"column":1}}}},"branchMap":{"0":{"loc":{"start":{"line":9,"column":2},"end":{"line":13,"column":null}},"type":"if","locations":[{"start":{"line":9,"column":2},"end":{"line":13,"column":null}},{"start":{"line":9,"column":2},"end":{"line":13,"column":null}}]},"1":{"loc":{"start":{"line":18,"column":2},"end":{"line":22,"column":null}},"type":"if","locations":[{"start":{"line":18,"column":2},"end":{"line":22,"column":null}},{"start":{"line":18,"column":2},"end":{"line":22,"column":null}}]}},"s":{"0":1,"1":1,"2":1,"3":1,"4":1,"5":1,"6":0,"7":1,"8":0,"9":0,"10":0,"11":0},"f":{"0":1,"1":1,"2":0},"b":{"0":[1,0],"1":[0,0]}}
,"/Users/dipteshpatel/Documents/rest/rest-api-typescript/src/utils/httpErrors.ts": {"path":"/Users/dipteshpatel/Documents/rest/rest-api-typescript/src/utils/httpErrors.ts","statementMap":{"0":{"start":{"line":6,"column":6},"end":{"line":10,"column":null}},"1":{"start":{"line":7,"column":8},"end":{"line":7,"column":39}},"2":{"start":{"line":9,"column":8},"end":{"line":9,"column":23}},"3":{"start":{"line":11,"column":6},"end":{"line":11,"column":40}},"4":{"start":{"line":12,"column":6},"end":{"line":12,"column":54}},"5":{"start":{"line":1,"column":0},"end":{"line":1,"column":22}},"6":{"start":{"line":21,"column":6},"end":{"line":21,"column":21}},"7":{"start":{"line":18,"column":13},"end":{"line":18,"column":30}},"8":{"start":{"line":17,"column":2},"end":{"line":17,"column":15}},"9":{"start":{"line":29,"column":6},"end":{"line":29,"column":21}},"10":{"start":{"line":26,"column":13},"end":{"line":26,"column":30}},"11":{"start":{"line":25,"column":2},"end":{"line":25,"column":15}}},"fnMap":{"0":{"name":"(anonymous_0)","decl":{"start":{"line":5,"column":4},"end":{"line":5,"column":16}},"loc":{"start":{"line":5,"column":40},"end":{"line":13,"column":5}}},"1":{"name":"(anonymous_1)","decl":{"start":{"line":20,"column":4},"end":{"line":20,"column":16}},"loc":{"start":{"line":20,"column":56},"end":{"line":22,"column":5}}},"2":{"name":"(anonymous_2)","decl":{"start":{"line":28,"column":4},"end":{"line":28,"column":16}},"loc":{"start":{"line":28,"column":54},"end":{"line":30,"column":5}}}},"branchMap":{"0":{"loc":{"start":{"line":6,"column":6},"end":{"line":10,"column":null}},"type":"if","locations":[{"start":{"line":6,"column":6},"end":{"line":10,"column":null}},{"start":{"line":6,"column":6},"end":{"line":10,"column":null}}]},"1":{"loc":{"start":{"line":20,"column":43},"end":{"line":20,"column":56}},"type":"default-arg","locations":[{"start":{"line":20,"column":43},"end":{"line":20,"column":56}}]},"2":{"loc":{"start":{"line":28,"column":43},"end":{"line":28,"column":54}},"type":"default-arg","locations":[{"start":{"line":28,"column":43},"end":{"line":28,"column":54}}]}},"s":{"0":3,"1":0,"2":3,"3":3,"4":3,"5":2,"6":2,"7":2,"8":2,"9":1,"10":1,"11":2},"f":{"0":3,"1":2,"2":1},"b":{"0":[0,3],"1":[0],"2":[0]}}
,"/Users/dipteshpatel/Documents/rest/rest-api-typescript/src/utils/index.ts": {"path":"/Users/dipteshpatel/Documents/rest/rest-api-typescript/src/utils/index.ts","statementMap":{"0":{"start":{"line":5,"column":13},"end":{"line":12,"column":2}},"1":{"start":{"line":9,"column":2},"end":{"line":11,"column":null}},"2":{"start":{"line":10,"column":4},"end":{"line":10,"column":20}},"3":{"start":{"line":26,"column":13},"end":{"line":31,"column":2}},"4":{"start":{"line":27,"column":2},"end":{"line":30,"column":null}},"5":{"start":{"line":28,"column":38},"end":{"line":28,"column":43}},"6":{"start":{"line":29,"column":5},"end":{"line":29,"column":43}}},"fnMap":{"0":{"name":"(anonymous_0)","decl":{"start":{"line":5,"column":31},"end":{"line":5,"column":null}},"loc":{"start":{"line":8,"column":4},"end":{"line":12,"column":1}}},"1":{"name":"(anonymous_1)","decl":{"start":{"line":26,"column":27},"end":{"line":26,"column":28}},"loc":{"start":{"line":26,"column":63},"end":{"line":31,"column":1}}}},"branchMap":{},"s":{"0":1,"1":6,"2":21,"3":1,"4":3,"5":3,"6":3},"f":{"0":6,"1":3},"b":{}}
}
